<?xml version="1.0" encoding="UTF-8"?>

<BugCollection version="4.5.3" sequence="14" timestamp="1642522286028" analysisTimestamp="1642522285478" release="">
  <Project projectName="JUnitTestingRevisited">
    <Jar>/Users/shyamsaibethina/Desktop/Software II/workspace/JUnitTestingRevisited/bin/Stack2Test.class</Jar>
    <AuxClasspathEntry>/Users/shyamsaibethina/Desktop/Software II/workspace/JUnitTestingRevisited/bin</AuxClasspathEntry>
    <AuxClasspathEntry>/Users/shyamsaibethina/Desktop/Software II/components.jar</AuxClasspathEntry>
    <AuxClasspathEntry>/Applications/Eclipse.app/Contents/Eclipse/plugins/org.junit_4.13.2.v20211018-1956.jar</AuxClasspathEntry>
    <AuxClasspathEntry>/Applications/Eclipse.app/Contents/Eclipse/plugins/org.hamcrest.core_1.3.0.v20180420-1519.jar</AuxClasspathEntry>
    <AuxClasspathEntry>/Applications/Eclipse.app/Contents/Eclipse/plugins/org.eclipse.justj.openjdk.hotspot.jre.full.macosx.x86_64_17.0.1.v20211116-1657/jre/lib/jrt-fs.jar</AuxClasspathEntry>
    <SrcDir>/Users/shyamsaibethina/Desktop/Software II/workspace/JUnitTestingRevisited/src</SrcDir>
    <SrcDir>/Users/shyamsaibethina/Desktop/Software II/workspace/JUnitTestingRevisited/test</SrcDir>
  </Project>
  <Errors errors="0" missingClasses="0"></Errors>
  <FindBugsSummary timestamp="Tue, 18 Jan 2022 11:11:25 -0500" total_classes="1" referenced_classes="20" total_bugs="0" total_size="7" num_packages="1" java_version="17.0.1" vm_version="17.0.1+12" cpu_seconds="0.77" clock_seconds="0.56" peak_mbytes="1034.16" alloc_mbytes="2048.00" gc_seconds="0.00">
    <PackageStats package="" total_bugs="0" total_types="1" total_size="7">
      <ClassStats class="Stack2Test" sourceFile="Stack2Test.java" interface="false" size="7" bugs="0"/>
    </PackageStats>
    <FindBugsProfile>
      <ClassProfile name="de.tobject.findbugs.builder.FindBugs2Eclipse" totalMilliseconds="165" invocations="2" avgMicrosecondsPerInvocation="82648" maxMicrosecondsPerInvocation="136826" standardDeviationMicrosecondsPerInvocation="54177"/>
      <ClassProfile name="edu.umd.cs.findbugs.classfile.engine.ClassInfoAnalysisEngine" totalMilliseconds="103" invocations="388" avgMicrosecondsPerInvocation="265" maxMicrosecondsPerInvocation="10176" standardDeviationMicrosecondsPerInvocation="760"/>
      <ClassProfile name="edu.umd.cs.findbugs.classfile.engine.ClassDataAnalysisEngine" totalMilliseconds="39" invocations="391" avgMicrosecondsPerInvocation="101" maxMicrosecondsPerInvocation="2851" standardDeviationMicrosecondsPerInvocation="200"/>
      <ClassProfile name="edu.umd.cs.findbugs.detect.FindNoSideEffectMethods" totalMilliseconds="34" invocations="20" avgMicrosecondsPerInvocation="1734" maxMicrosecondsPerInvocation="11043" standardDeviationMicrosecondsPerInvocation="3023"/>
      <ClassProfile name="edu.umd.cs.findbugs.detect.NoteDirectlyRelevantTypeQualifiers" totalMilliseconds="31" invocations="20" avgMicrosecondsPerInvocation="1555" maxMicrosecondsPerInvocation="18492" standardDeviationMicrosecondsPerInvocation="4086"/>
      <ClassProfile name="edu.umd.cs.findbugs.detect.FieldItemSummary" totalMilliseconds="23" invocations="20" avgMicrosecondsPerInvocation="1165" maxMicrosecondsPerInvocation="8244" standardDeviationMicrosecondsPerInvocation="1956"/>
      <ClassProfile name="edu.umd.cs.findbugs.OpcodeStack$JumpInfoFactory" totalMilliseconds="20" invocations="72" avgMicrosecondsPerInvocation="281" maxMicrosecondsPerInvocation="7600" standardDeviationMicrosecondsPerInvocation="914"/>
    </FindBugsProfile>
  </FindBugsSummary>
  <ClassFeatures></ClassFeatures>
  <History>
    <AppVersion sequence="0" timestamp="1642520573076" release="" codeSize="0" numClasses="0"/>
    <AppVersion sequence="1" timestamp="1642520573077" release="" codeSize="3" numClasses="1"/>
    <AppVersion sequence="2" timestamp="1642520635826" release="" codeSize="3" numClasses="1"/>
    <AppVersion sequence="3" timestamp="1642520940887" release="" codeSize="107" numClasses="1"/>
    <AppVersion sequence="4" timestamp="1642520954784" release="" codeSize="7" numClasses="1"/>
    <AppVersion sequence="5" timestamp="1642521024808" release="" codeSize="7" numClasses="1"/>
    <AppVersion sequence="6" timestamp="1642521129465" release="" codeSize="7" numClasses="1"/>
    <AppVersion sequence="7" timestamp="1642521744929" release="" codeSize="111" numClasses="1"/>
    <AppVersion sequence="8" timestamp="1642521768994" release="" codeSize="115" numClasses="1"/>
    <AppVersion sequence="9" timestamp="1642521890557" release="" codeSize="115" numClasses="1"/>
    <AppVersion sequence="10" timestamp="1642522146872" release="" codeSize="115" numClasses="1"/>
    <AppVersion sequence="11" timestamp="1642522179334" release="" codeSize="7" numClasses="1"/>
    <AppVersion sequence="12" timestamp="1642522250129" release="" codeSize="7" numClasses="1"/>
    <AppVersion sequence="13" timestamp="1642522279044" release="" codeSize="7" numClasses="1"/>
  </History>
</BugCollection>
